Running from: C:\Users\Alex\AppData\Local\Temp\tmp85hep6j5 
Command: D:\Games\Steam\steamapps\common\MedievalEngineersModSDK\Tools\VRageEditor\Plugins\ModelBuilder\MwmBuilder.exe /s:Content /m:LimeKilnStatic_Large.fbx /o:.\ 
: WARNING: 
    Could not find Materials library folder.
Textures\Models\Woods\SemiRoughPlanksFloor_cm.DDS: WARNING: 
    Texture ColorMetalTexture does not exists!
Textures\Models\Woods\SemiRoughPlanksFloor_ng.DDS: WARNING: 
    Texture NormalGlossTexture does not exists!
Textures\Models\Woods\SemiRoughPlanksFloor_add.DDS: WARNING: 
    Texture AddMapsTexture does not exists!
Textures\Models\Cubes\Wood_plancks_004_cm.DDS: WARNING: 
    Texture ColorMetalTexture does not exists!
Textures\Models\Cubes\Wood_plancks_004_ng.DDS: WARNING: 
    Texture NormalGlossTexture does not exists!
Textures\Models\Cubes\Wood_plancks_004_add.DDS: WARNING: 
    Texture AddMapsTexture does not exists!
Textures\Models\Cubes\TexturesCom_Wood_Rough_1K_cm.DDS: WARNING: 
    Texture ColorMetalTexture does not exists!
Textures\Models\Cubes\TexturesCom_Wood_Rough_1K_ng.DDS: WARNING: 
    Texture NormalGlossTexture does not exists!
Textures\Models\Cubes\TexturesCom_Wood_Rough_1K_add.DDS: WARNING: 
    Texture AddMapsTexture does not exists!
Textures\Models\Cubes\block_sheet_de.dds: WARNING: 
    Texture DiffuseTexture does not exists!
Textures\Models\Cubes\block_sheet_cm.dds: WARNING: 
    Texture ColorMetalTexture does not exists!
Textures\Models\Cubes\block_sheet_ng.dds: WARNING: 
    Texture NormalGlossTexture does not exists!
Textures\Models\Cubes\block_sheet_add.dds: WARNING: 
    Texture AddMapsTexture does not exists!
Textures\Models\Cubes\block_sheet_cm.dds: WARNING: 
    Texture ColorMetalTexture does not exists!
Textures\Models\Cubes\block_sheet_ng.dds: WARNING: 
    Texture NormalGlossTexture does not exists!
Textures\Models\Cubes\block_sheet_add.dds: WARNING: 
    Texture AddMapsTexture does not exists!
Textures\Models\Weapons\Shovel_cm.DDS: WARNING: 
    Texture ColorMetalTexture does not exists!
Textures\Models\Weapons\Shovel_ng.DDS: WARNING: 
    Texture NormalGlossTexture does not exists!
Textures\Models\Weapons\Shovel_add.DDS: WARNING: 
    Texture AddMapsTexture does not exists!
Textures\Models\Cubes\RoughWood_cm.DDS: WARNING: 
    Texture ColorMetalTexture does not exists!
Textures\Models\Cubes\RoughWood_ng.DDS: WARNING: 
    Texture NormalGlossTexture does not exists!
Textures\Models\Cubes\RoughWood_add.DDS: WARNING: 
    Texture AddMapsTexture does not exists!
: WARNING: 
    Model contains degenerated triangle (indices 2308 2295 2307)
: WARNING: 
    Model contains degenerated triangle (indices 2301 2302 2303)
: WARNING: 
    Model contains degenerated triangle (indices 2333 2345 2344)
: WARNING: 
    Model contains degenerated triangle (indices 2340 2337 2338)
: WARNING: 
    Model contains degenerated triangle (indices 2370 2382 2381)
: WARNING: 
    Model contains degenerated triangle (indices 2377 2374 2375)
C:\Users\Alex\AppData\Local\Temp\tmp85hep6j5\Content\LimeKilnStatic_Large.fbx: Processed
: 
    : Finished in 0.2s
