Running from: C:\Users\Alex\AppData\Local\Temp\tmpocu5sdag 
Command: D:\Games\Steam\steamapps\common\MedievalEngineersModSDK\Tools\VRageEditor\Plugins\ModelBuilder\MwmBuilder.exe /s:Content /m:PlasterWindowShutter_Large.fbx /o:.\ 
: WARNING: 
    Could not find Materials library folder.
Textures\Models\Cubes\block_sheet_cm.dds: WARNING: 
    Texture ColorMetalTexture does not exists!
Textures\Models\Cubes\block_sheet_ng.dds: WARNING: 
    Texture NormalGlossTexture does not exists!
Textures\Models\Cubes\block_sheet_add.dds: WARNING: 
    Texture AddMapsTexture does not exists!
Textures\Models\Cubes\TexturesCom_Stucco2_2x2_1024_cm.DDS: WARNING: 
    Texture ColorMetalTexture does not exists!
Textures\Models\Cubes\TexturesCom_Stucco2_2x2_1024_ng.DDS: WARNING: 
    Texture NormalGlossTexture does not exists!
Textures\Models\Cubes\TexturesCom_Stucco2_2x2_1024_add.DDS: WARNING: 
    Texture AddMapsTexture does not exists!
Textures\Models\Cubes\Granite_cm.DDS: WARNING: 
    Texture ColorMetalTexture does not exists!
Textures\Models\Cubes\Granite_ng.DDS: WARNING: 
    Texture NormalGlossTexture does not exists!
Textures\Models\Cubes\Granite_add.DDS: WARNING: 
    Texture AddMapsTexture does not exists!
C:\Users\Alex\AppData\Local\Temp\tmpocu5sdag\Content\PlasterWindowShutter_Large.fbx: Processed
: 
    : Finished in 0.2s
