Running from: C:\Users\Alex\AppData\Local\Temp\tmp154skxkr 
Command: D:\Games\Steam\steamapps\common\MedievalEngineersModSDK\Tools\VRageEditor\Plugins\ModelBuilder\MwmBuilder.exe /s:Content /m:PlasterDoorWayRectangularStone_Large.fbx /o:.\ 
: WARNING: 
    Could not find Materials library folder.
Models\Cubes\Large\PlasterDoorWayRectangularStone_Large_LOD3: WARNING: 
    LOD model is missing
Textures\Models\Cubes\granite-grey_cm.DDS: WARNING: 
    Texture ColorMetalTexture does not exists!
Textures\Models\Cubes\granite-grey_ng.DDS: WARNING: 
    Texture NormalGlossTexture does not exists!
Textures\Models\Cubes\granite-grey_add.DDS: WARNING: 
    Texture AddMapsTexture does not exists!
Textures\Models\Cubes\TexturesCom_Stucco2_2x2_1024_cm.DDS: WARNING: 
    Texture ColorMetalTexture does not exists!
Textures\Models\Cubes\TexturesCom_Stucco2_2x2_1024_ng.DDS: WARNING: 
    Texture NormalGlossTexture does not exists!
Textures\Models\Cubes\TexturesCom_Stucco2_2x2_1024_add.DDS: WARNING: 
    Texture AddMapsTexture does not exists!
C:\Users\Alex\AppData\Local\Temp\tmp154skxkr\Content\PlasterDoorWayRectangularStone_Large.fbx: Processed
: 
    : Finished in 0.2s
