Running from: C:\Users\Alex\AppData\Local\Temp\tmpiw2tmnk0 
Command: D:\Games\Steam\steamapps\common\MedievalEngineersModSDK\Tools\VRageEditor\Plugins\ModelBuilder\MwmBuilder.exe /s:Content /m:LimeMortar_Small_LOD3.fbx /o:.\ 
: WARNING: 
    Could not find Materials library folder.
Textures\Models\Items\wood_03_cm.DDS: WARNING: 
    Texture ColorMetalTexture does not exists!
Textures\Models\Items\wood_03_ng.DDS: WARNING: 
    Texture NormalGlossTexture does not exists!
Textures\Models\Items\wood_03_add.DDS: WARNING: 
    Texture AddMapsTexture does not exists!
Textures\Models\Items\wood_07_cm.DDS: WARNING: 
    Texture ColorMetalTexture does not exists!
Textures\Models\Items\wood_07_ng.DDS: WARNING: 
    Texture NormalGlossTexture does not exists!
Textures\Models\Items\wood_07_add.DDS: WARNING: 
    Texture AddMapsTexture does not exists!
Textures\Models\Items\metal_cm.DDS: WARNING: 
    Texture ColorMetalTexture does not exists!
Textures\Models\Items\metal_ng.DDS: WARNING: 
    Texture NormalGlossTexture does not exists!
Textures\Models\Items\metal_add.DDS: WARNING: 
    Texture AddMapsTexture does not exists!
Textures\Models\Items\Mortar_cm.DDS: WARNING: 
    Texture ColorMetalTexture does not exists!
Textures\Models\Items\Mortar_ng.DDS: WARNING: 
    Texture NormalGlossTexture does not exists!
Textures\Models\Items\Mortar_add.DDS: WARNING: 
    Texture AddMapsTexture does not exists!
C:\Users\Alex\AppData\Local\Temp\tmpiw2tmnk0\Content\LimeMortar_Small_LOD3.fbx: Processed
: 
    : Finished in 0.1s
